<?xml version="1.0" encoding="UTF-8"?>
<testsuite name="com.example.demo.SlothApplicationTests" tests="1" skipped="0" failures="0" errors="0" timestamp="2024-04-15T20:19:01" hostname="Pauls-MacBook-Pro.local" time="0.4">
  <properties/>
  <testcase name="contextLoads()" classname="com.example.demo.SlothApplicationTests" time="0.4"/>
  <system-out><![CDATA[22:19:00.420 [Test worker] INFO org.springframework.test.context.support.AnnotationConfigContextLoaderUtils -- Could not detect default configuration classes for test class [com.example.demo.SlothApplicationTests]: SlothApplicationTests does not declare any static, non-private, non-final, nested classes annotated with @Configuration.
22:19:00.464 [Test worker] INFO org.springframework.boot.test.context.SpringBootTestContextBootstrapper -- Found @SpringBootConfiguration com.example.demo.SlothApplication for test class com.example.demo.SlothApplicationTests

  .   ____          _            __ _ _
 /\\ / ___'_ __ _ _(_)_ __  __ _ \ \ \ \
( ( )\___ | '_ | '_| | '_ \/ _` | \ \ \ \
 \\/  ___)| |_)| | | | | || (_| |  ) ) ) )
  '  |____| .__|_| |_|_| |_\__, | / / / /
 =========|_|==============|___/=/_/_/_/
 :: Spring Boot ::                (v3.2.4)

2024-04-15T22:19:00.632+02:00  INFO 45975 --- [Sloth] [    Test worker] com.example.demo.SlothApplicationTests   : Starting SlothApplicationTests using Java 17.0.9 with PID 45975 (started by paulfournet in /Users/paulfournet/Documents/Unilasalle/Cours I5/Projet S10/Sloth-Spring-API)
2024-04-15T22:19:00.633+02:00  INFO 45975 --- [Sloth] [    Test worker] com.example.demo.SlothApplicationTests   : No active profile set, falling back to 1 default profile: "default"
2024-04-15T22:19:00.902+02:00  INFO 45975 --- [Sloth] [    Test worker] .s.d.r.c.RepositoryConfigurationDelegate : Bootstrapping Spring Data MongoDB repositories in DEFAULT mode.
2024-04-15T22:19:00.925+02:00  INFO 45975 --- [Sloth] [    Test worker] .s.d.r.c.RepositoryConfigurationDelegate : Finished Spring Data repository scanning in 19 ms. Found 1 MongoDB repository interface.
2024-04-15T22:19:01.126+02:00  INFO 45975 --- [Sloth] [    Test worker] org.mongodb.driver.client                : MongoClient with metadata {"driver": {"name": "mongo-java-driver|sync|spring-boot", "version": "4.11.1"}, "os": {"type": "Darwin", "name": "Mac OS X", "architecture": "aarch64", "version": "14.3.1"}, "platform": "Java/Amazon.com Inc./17.0.9+8-LTS"} created with settings MongoClientSettings{readPreference=primary, writeConcern=WriteConcern{w=null, wTimeout=null ms, journal=null}, retryWrites=true, retryReads=true, readConcern=ReadConcern{level=null}, credential=MongoCredential{mechanism=null, userName='sloth', source='slothDatabase', password=<hidden>, mechanismProperties=<hidden>}, transportSettings=null, streamFactoryFactory=null, commandListeners=[], codecRegistry=ProvidersCodecRegistry{codecProviders=[ValueCodecProvider{}, BsonValueCodecProvider{}, DBRefCodecProvider{}, DBObjectCodecProvider{}, DocumentCodecProvider{}, CollectionCodecProvider{}, IterableCodecProvider{}, MapCodecProvider{}, GeoJsonCodecProvider{}, GridFSFileCodecProvider{}, Jsr310CodecProvider{}, JsonObjectCodecProvider{}, BsonCodecProvider{}, EnumCodecProvider{}, com.mongodb.client.model.mql.ExpressionCodecProvider@23cd5d42, com.mongodb.Jep395RecordCodecProvider@2b44d6d0, com.mongodb.KotlinCodecProvider@3e900e1a]}, loggerSettings=LoggerSettings{maxDocumentLength=1000}, clusterSettings={hosts=[10.18.0.253:27017], srvServiceName=mongodb, mode=SINGLE, requiredClusterType=UNKNOWN, requiredReplicaSetName='null', serverSelector='null', clusterListeners='[]', serverSelectionTimeout='30000 ms', localThreshold='15 ms'}, socketSettings=SocketSettings{connectTimeoutMS=10000, readTimeoutMS=0, receiveBufferSize=0, proxySettings=ProxySettings{host=null, port=null, username=null, password=null}}, heartbeatSocketSettings=SocketSettings{connectTimeoutMS=10000, readTimeoutMS=10000, receiveBufferSize=0, proxySettings=ProxySettings{host=null, port=null, username=null, password=null}}, connectionPoolSettings=ConnectionPoolSettings{maxSize=100, minSize=0, maxWaitTimeMS=120000, maxConnectionLifeTimeMS=0, maxConnectionIdleTimeMS=0, maintenanceInitialDelayMS=0, maintenanceFrequencyMS=60000, connectionPoolListeners=[], maxConnecting=2}, serverSettings=ServerSettings{heartbeatFrequencyMS=10000, minHeartbeatFrequencyMS=500, serverListeners='[]', serverMonitorListeners='[]'}, sslSettings=SslSettings{enabled=false, invalidHostNameAllowed=false, context=null}, applicationName='null', compressorList=[], uuidRepresentation=JAVA_LEGACY, serverApi=null, autoEncryptionSettings=null, dnsClient=null, inetAddressResolver=null, contextProvider=null}
2024-04-15T22:19:01.371+02:00  INFO 45975 --- [Sloth] [    Test worker] o.s.s.web.DefaultSecurityFilterChain     : Will secure any request with [org.springframework.security.web.session.DisableEncodeUrlFilter@2b7774d5, org.springframework.security.web.context.request.async.WebAsyncManagerIntegrationFilter@7d284f15, org.springframework.security.web.context.SecurityContextHolderFilter@c262f2f, org.springframework.security.web.header.HeaderWriterFilter@45d389f2, org.springframework.web.filter.CorsFilter@44bbb7c6, org.springframework.security.web.csrf.CsrfFilter@7eee6c13, org.springframework.security.web.authentication.logout.LogoutFilter@456aa471, org.springframework.security.web.authentication.UsernamePasswordAuthenticationFilter@49190ed6, org.springframework.security.web.savedrequest.RequestCacheAwareFilter@11148dc2, org.springframework.security.web.servletapi.SecurityContextHolderAwareRequestFilter@3be80ece, org.springframework.security.web.authentication.AnonymousAuthenticationFilter@2342f1ff, org.springframework.security.web.access.ExceptionTranslationFilter@340c5fb6, org.springframework.security.web.access.intercept.AuthorizationFilter@3ef2b8e5]
2024-04-15T22:19:01.474+02:00  INFO 45975 --- [Sloth] [    Test worker] com.example.demo.SlothApplicationTests   : Started SlothApplicationTests in 0.94 seconds (process running for 1.572)
]]></system-out>
  <system-err><![CDATA[]]></system-err>
</testsuite>
