<?xml version="1.0" encoding="UTF-8"?>
<testsuite name="com.example.demo.SlothApplicationTests" tests="1" skipped="0" failures="0" errors="0" timestamp="2024-04-15T09:20:33" hostname="Pauls-MacBook-Pro.local" time="0.387">
  <properties/>
  <testcase name="contextLoads()" classname="com.example.demo.SlothApplicationTests" time="0.387"/>
  <system-out><![CDATA[11:20:32.154 [Test worker] INFO org.springframework.test.context.support.AnnotationConfigContextLoaderUtils -- Could not detect default configuration classes for test class [com.example.demo.SlothApplicationTests]: SlothApplicationTests does not declare any static, non-private, non-final, nested classes annotated with @Configuration.
11:20:32.195 [Test worker] INFO org.springframework.boot.test.context.SpringBootTestContextBootstrapper -- Found @SpringBootConfiguration com.example.demo.SlothApplication for test class com.example.demo.SlothApplicationTests

  .   ____          _            __ _ _
 /\\ / ___'_ __ _ _(_)_ __  __ _ \ \ \ \
( ( )\___ | '_ | '_| | '_ \/ _` | \ \ \ \
 \\/  ___)| |_)| | | | | || (_| |  ) ) ) )
  '  |____| .__|_| |_|_| |_\__, | / / / /
 =========|_|==============|___/=/_/_/_/
 :: Spring Boot ::                (v3.2.4)

2024-04-15T11:20:32.350+02:00  INFO 84876 --- [Sloth] [    Test worker] com.example.demo.SlothApplicationTests   : Starting SlothApplicationTests using Java 17.0.9 with PID 84876 (started by paulfournet in /Users/paulfournet/Documents/Unilasalle/Cours I5/Projet S10/Sloth-Spring-API)
2024-04-15T11:20:32.351+02:00  INFO 84876 --- [Sloth] [    Test worker] com.example.demo.SlothApplicationTests   : No active profile set, falling back to 1 default profile: "default"
2024-04-15T11:20:32.606+02:00  INFO 84876 --- [Sloth] [    Test worker] .s.d.r.c.RepositoryConfigurationDelegate : Bootstrapping Spring Data MongoDB repositories in DEFAULT mode.
2024-04-15T11:20:32.627+02:00  INFO 84876 --- [Sloth] [    Test worker] .s.d.r.c.RepositoryConfigurationDelegate : Finished Spring Data repository scanning in 18 ms. Found 1 MongoDB repository interface.
2024-04-15T11:20:32.815+02:00  INFO 84876 --- [Sloth] [    Test worker] org.mongodb.driver.client                : MongoClient with metadata {"driver": {"name": "mongo-java-driver|sync|spring-boot", "version": "4.11.1"}, "os": {"type": "Darwin", "name": "Mac OS X", "architecture": "aarch64", "version": "14.3.1"}, "platform": "Java/Amazon.com Inc./17.0.9+8-LTS"} created with settings MongoClientSettings{readPreference=primary, writeConcern=WriteConcern{w=null, wTimeout=null ms, journal=null}, retryWrites=true, retryReads=true, readConcern=ReadConcern{level=null}, credential=MongoCredential{mechanism=null, userName='sloth', source='slothDatabase', password=<hidden>, mechanismProperties=<hidden>}, transportSettings=null, streamFactoryFactory=null, commandListeners=[], codecRegistry=ProvidersCodecRegistry{codecProviders=[ValueCodecProvider{}, BsonValueCodecProvider{}, DBRefCodecProvider{}, DBObjectCodecProvider{}, DocumentCodecProvider{}, CollectionCodecProvider{}, IterableCodecProvider{}, MapCodecProvider{}, GeoJsonCodecProvider{}, GridFSFileCodecProvider{}, Jsr310CodecProvider{}, JsonObjectCodecProvider{}, BsonCodecProvider{}, EnumCodecProvider{}, com.mongodb.client.model.mql.ExpressionCodecProvider@17d2b075, com.mongodb.Jep395RecordCodecProvider@6661d8c0, com.mongodb.KotlinCodecProvider@310b2b6f]}, loggerSettings=LoggerSettings{maxDocumentLength=1000}, clusterSettings={hosts=[10.18.0.253:27017], srvServiceName=mongodb, mode=SINGLE, requiredClusterType=UNKNOWN, requiredReplicaSetName='null', serverSelector='null', clusterListeners='[]', serverSelectionTimeout='30000 ms', localThreshold='15 ms'}, socketSettings=SocketSettings{connectTimeoutMS=10000, readTimeoutMS=0, receiveBufferSize=0, proxySettings=ProxySettings{host=null, port=null, username=null, password=null}}, heartbeatSocketSettings=SocketSettings{connectTimeoutMS=10000, readTimeoutMS=10000, receiveBufferSize=0, proxySettings=ProxySettings{host=null, port=null, username=null, password=null}}, connectionPoolSettings=ConnectionPoolSettings{maxSize=100, minSize=0, maxWaitTimeMS=120000, maxConnectionLifeTimeMS=0, maxConnectionIdleTimeMS=0, maintenanceInitialDelayMS=0, maintenanceFrequencyMS=60000, connectionPoolListeners=[], maxConnecting=2}, serverSettings=ServerSettings{heartbeatFrequencyMS=10000, minHeartbeatFrequencyMS=500, serverListeners='[]', serverMonitorListeners='[]'}, sslSettings=SslSettings{enabled=false, invalidHostNameAllowed=false, context=null}, applicationName='null', compressorList=[], uuidRepresentation=JAVA_LEGACY, serverApi=null, autoEncryptionSettings=null, dnsClient=null, inetAddressResolver=null, contextProvider=null}
2024-04-15T11:20:32.836+02:00  INFO 84876 --- [Sloth] [.18.0.253:27017] org.mongodb.driver.cluster               : Monitor thread successfully connected to server with description ServerDescription{address=10.18.0.253:27017, type=STANDALONE, state=CONNECTED, ok=true, minWireVersion=0, maxWireVersion=9, maxDocumentSize=16777216, logicalSessionTimeoutMinutes=30, roundTripTimeNanos=7957583}
2024-04-15T11:20:33.080+02:00  INFO 84876 --- [Sloth] [    Test worker] o.s.s.web.DefaultSecurityFilterChain     : Will secure any request with [org.springframework.security.web.session.DisableEncodeUrlFilter@4276ad40, org.springframework.security.web.context.request.async.WebAsyncManagerIntegrationFilter@6e5f5478, org.springframework.security.web.context.SecurityContextHolderFilter@6aad919c, org.springframework.security.web.header.HeaderWriterFilter@17884d, org.springframework.web.filter.CorsFilter@5fb07347, org.springframework.security.web.csrf.CsrfFilter@6dded900, org.springframework.security.web.authentication.logout.LogoutFilter@7e2bc2f4, org.springframework.security.web.authentication.UsernamePasswordAuthenticationFilter@51f01535, org.springframework.security.web.savedrequest.RequestCacheAwareFilter@211a9647, org.springframework.security.web.servletapi.SecurityContextHolderAwareRequestFilter@340c5fb6, org.springframework.security.web.authentication.AnonymousAuthenticationFilter@3ef2b8e5, org.springframework.security.web.access.ExceptionTranslationFilter@645dc557, org.springframework.security.web.access.intercept.AuthorizationFilter@7845b21a]
2024-04-15T11:20:33.183+02:00  INFO 84876 --- [Sloth] [    Test worker] com.example.demo.SlothApplicationTests   : Started SlothApplicationTests in 0.92 seconds (process running for 1.415)
]]></system-out>
  <system-err><![CDATA[]]></system-err>
</testsuite>
